d:\project\c++\projects\computernetwork\client\x64\debug\vc145.pdb
d:\project\c++\projects\computernetwork\client\x64\debug\vc145.idb
d:\project\c++\projects\computernetwork\client\x64\debug\websocketserver.obj
d:\project\c++\projects\computernetwork\client\x64\debug\networkmanager.obj
d:\project\c++\projects\computernetwork\client\x64\debug\taskmanager.obj
d:\project\c++\projects\computernetwork\client\x64\debug\stream.obj
d:\project\c++\projects\computernetwork\client\x64\debug\main.obj
d:\project\c++\projects\computernetwork\client\x64\debug\globalstate.obj
d:\project\c++\projects\computernetwork\client\x64\debug\dxgicapturer.obj
d:\project\c++\projects\computernetwork\client\x64\debug\servicediscovery.obj
d:\project\c++\projects\computernetwork\client\x64\debug\appmanager.obj
d:\project\c++\projects\computernetwork\client\x64\debug\keylogger.obj
d:\project\c++\projects\computernetwork\x64\debug\client.exe
d:\project\c++\projects\computernetwork\x64\debug\client.pdb
d:\project\c++\projects\computernetwork\client\x64\debug\client.ilk
d:\project\c++\projects\computernetwork\client\x64\debug\appwindow.obj
d:\project\c++\projects\computernetwork\client\x64\debug\buttons.obj
d:\project\c++\projects\computernetwork\client\x64\debug\connectionui.obj
d:\project\c++\projects\computernetwork\client\x64\debug\listappui.obj
d:\project\c++\projects\computernetwork\client\x64\debug\mainui.obj
d:\project\c++\projects\computernetwork\client\x64\debug\websocketclient.obj
d:\project\c++\projects\computernetwork\client\x64\debug\client.tlog\cl.command.1.tlog
d:\project\c++\projects\computernetwork\client\x64\debug\client.tlog\cl.items.tlog
d:\project\c++\projects\computernetwork\client\x64\debug\client.tlog\cl.read.1.tlog
d:\project\c++\projects\computernetwork\client\x64\debug\client.tlog\cl.write.1.tlog
d:\project\c++\projects\computernetwork\client\x64\debug\client.tlog\link.command.1.tlog
d:\project\c++\projects\computernetwork\client\x64\debug\client.tlog\link.read.1.tlog
d:\project\c++\projects\computernetwork\client\x64\debug\client.tlog\link.secondary.1.tlog
d:\project\c++\projects\computernetwork\client\x64\debug\client.tlog\link.write.1.tlog
