D:\Microsoft Visual Studio\18\Community\MSBuild\Microsoft\VC\v180\Microsoft.CppBuild.targets(548,5): warning MSB8028: The intermediate directory (x64\Debug\) contains files shared from another project (Controller.vcxproj).  This can lead to incorrect clean and rebuild behavior.
  AppWindow.cpp
D:\PROJECT\C++\Projects\ComputerNetwork\Controller\AppWindow.cpp(39,77): warning C4244: 'argument': conversion from 'unsigned int' to 'T', possible loss of data
D:\PROJECT\C++\Projects\ComputerNetwork\Controller\AppWindow.cpp(39,77): warning C4244:         with
D:\PROJECT\C++\Projects\ComputerNetwork\Controller\AppWindow.cpp(39,77): warning C4244:         [
D:\PROJECT\C++\Projects\ComputerNetwork\Controller\AppWindow.cpp(39,77): warning C4244:             T=float
D:\PROJECT\C++\Projects\ComputerNetwork\Controller\AppWindow.cpp(39,77): warning C4244:         ]
D:\PROJECT\C++\Projects\ComputerNetwork\Controller\AppWindow.cpp(39,59): warning C4244: 'argument': conversion from 'unsigned int' to 'T', possible loss of data
D:\PROJECT\C++\Projects\ComputerNetwork\Controller\AppWindow.cpp(39,59): warning C4244:         with
D:\PROJECT\C++\Projects\ComputerNetwork\Controller\AppWindow.cpp(39,59): warning C4244:         [
D:\PROJECT\C++\Projects\ComputerNetwork\Controller\AppWindow.cpp(39,59): warning C4244:             T=float
D:\PROJECT\C++\Projects\ComputerNetwork\Controller\AppWindow.cpp(39,59): warning C4244:         ]
  Client.cpp
  GlobalState.h
  main.cpp
  WebSocketClient.cpp
D:\PROJECT\C++\Projects\ComputerNetwork\Controller\WebSocketClient.cpp(24,39): warning C4267: 'argument': conversion from 'size_t' to 'int', possible loss of data
  Generating Code...
  Controller.vcxproj -> D:\PROJECT\C++\Projects\ComputerNetwork\x64\Debug\Client.exe
  'pwsh.exe' is not recognized as an internal or external command,
  operable program or batch file.
