d:\project\c++\projects\computernetwork\computernetwork\server\x64\debug\vc145.pdb
d:\project\c++\projects\computernetwork\computernetwork\server\x64\debug\vc145.idb
d:\project\c++\projects\computernetwork\computernetwork\server\x64\debug\websocketserver.obj
d:\project\c++\projects\computernetwork\computernetwork\server\x64\debug\networkmanager.obj
d:\project\c++\projects\computernetwork\computernetwork\server\x64\debug\taskmanager.obj
d:\project\c++\projects\computernetwork\computernetwork\server\x64\debug\systemcontrol.obj
d:\project\c++\projects\computernetwork\computernetwork\server\x64\debug\stream.obj
d:\project\c++\projects\computernetwork\computernetwork\server\x64\debug\main.obj
d:\project\c++\projects\computernetwork\computernetwork\server\x64\debug\globalstate.obj
d:\project\c++\projects\computernetwork\computernetwork\server\x64\debug\dxgicapturer.obj
d:\project\c++\projects\computernetwork\computernetwork\server\x64\debug\servicediscovery.obj
d:\project\c++\projects\computernetwork\computernetwork\server\x64\debug\keylogger.obj
d:\project\c++\projects\computernetwork\computernetwork\server\x64\debug\inputmanager.obj
d:\project\c++\projects\computernetwork\computernetwork\server\x64\debug\appmanager.obj
d:\project\c++\projects\computernetwork\computernetwork\x64\debug\server.exe
d:\project\c++\projects\computernetwork\computernetwork\x64\debug\server.pdb
d:\project\c++\projects\computernetwork\computernetwork\server\x64\debug\server.ilk
d:\project\c++\projects\computernetwork\computernetwork\server\x64\debug\server.tlog\cl.command.1.tlog
d:\project\c++\projects\computernetwork\computernetwork\server\x64\debug\server.tlog\cl.items.tlog
d:\project\c++\projects\computernetwork\computernetwork\server\x64\debug\server.tlog\cl.read.1.tlog
d:\project\c++\projects\computernetwork\computernetwork\server\x64\debug\server.tlog\cl.write.1.tlog
d:\project\c++\projects\computernetwork\computernetwork\server\x64\debug\server.tlog\link.command.1.tlog
d:\project\c++\projects\computernetwork\computernetwork\server\x64\debug\server.tlog\link.read.1.tlog
d:\project\c++\projects\computernetwork\computernetwork\server\x64\debug\server.tlog\link.secondary.1.tlog
d:\project\c++\projects\computernetwork\computernetwork\server\x64\debug\server.tlog\link.write.1.tlog
